C:\Program Files (x86)\Microsoft Visual Studio\2019\Enterprise\MSBuild\Microsoft\VC\v160\Microsoft.CppBuild.targets(452,5): warning MSB8028: The intermediate directory (Release\) contains files shared from another project (AirLand Battle.vcxproj).  This can lead to incorrect clean and rebuild behavior.
  main.c
C:\Users\Curtis LeMay\source\repos\AirLand Battle\AirLand Battle\paint.h(66,40): warning C4244: '+=': conversion from 'double' to 'int', possible loss of data
C:\Users\Curtis LeMay\source\repos\AirLand Battle\AirLand Battle\paint.h(67,40): warning C4244: '-=': conversion from 'double' to 'int', possible loss of data
C:\Users\Curtis LeMay\source\repos\AirLand Battle\AirLand Battle\paint.h(91,40): warning C4244: '-=': conversion from 'double' to 'int', possible loss of data
C:\Users\Curtis LeMay\source\repos\AirLand Battle\AirLand Battle\paint.h(92,40): warning C4244: '-=': conversion from 'double' to 'int', possible loss of data
C:\Users\Curtis LeMay\source\repos\AirLand Battle\AirLand Battle\paint.h(116,40): warning C4244: '+=': conversion from 'double' to 'int', possible loss of data
C:\Users\Curtis LeMay\source\repos\AirLand Battle\AirLand Battle\paint.h(117,40): warning C4244: '-=': conversion from 'double' to 'int', possible loss of data
C:\Users\Curtis LeMay\source\repos\AirLand Battle\AirLand Battle\paint.h(141,40): warning C4244: '+=': conversion from 'double' to 'int', possible loss of data
C:\Users\Curtis LeMay\source\repos\AirLand Battle\AirLand Battle\paint.h(142,40): warning C4244: '-=': conversion from 'double' to 'int', possible loss of data
C:\Users\Curtis LeMay\source\repos\AirLand Battle\AirLand Battle\paint.h(143,57): warning C4133: 'function': incompatible types - from 'HBITMAP' to 'HDC'
C:\Users\Curtis LeMay\source\repos\AirLand Battle\AirLand Battle\paintneed.h(4,23): warning C4133: 'function': incompatible types - from 'WCHAR [2048]' to 'LPSTR'
C:\Users\Curtis LeMay\source\repos\AirLand Battle\AirLand Battle\paintneed.h(5,36): warning C4133: 'function': incompatible types - from 'WCHAR [2048]' to 'LPCSTR'
C:\Users\Curtis LeMay\source\repos\AirLand Battle\AirLand Battle\paintneed.h(6,23): warning C4133: 'function': incompatible types - from 'WCHAR [2048]' to 'LPCSTR'
C:\Users\Curtis LeMay\source\repos\AirLand Battle\AirLand Battle\place.h(35,42): warning C4244: '+=': conversion from 'double' to 'int', possible loss of data
C:\Users\Curtis LeMay\source\repos\AirLand Battle\AirLand Battle\place.h(36,42): warning C4244: '-=': conversion from 'double' to 'int', possible loss of data
C:\Users\Curtis LeMay\source\repos\AirLand Battle\AirLand Battle\place.h(37,42): warning C4244: '+=': conversion from 'double' to 'int', possible loss of data
C:\Users\Curtis LeMay\source\repos\AirLand Battle\AirLand Battle\place.h(38,42): warning C4244: '+=': conversion from 'double' to 'int', possible loss of data
C:\Users\Curtis LeMay\source\repos\AirLand Battle\AirLand Battle\main.c(93,20): warning C4244: 'function': conversion from 'time_t' to 'unsigned int', possible loss of data
  Generating code
  0 of 22 functions ( 0.0%) were compiled, the rest were copied from previous compilation.
    0 functions were new in current compilation
    0 functions had inline decision re-evaluated but remain unchanged
  Finished generating code
  AirLand Battle.vcxproj -> C:\Users\Curtis LeMay\source\repos\AirLand Battle\Release\Top Gun.exe
